demo/build/intermediates/manifest_merge_blame_file/debug/manifest-merger-blame-debug-report.txt
1<?xml version="1.0" encoding="utf-8"?>
2<manifest xmlns:android="http://schemas.android.com/apk/res/android"
3    package="com.aliqin.mytel"
4    android:versionCode="1"
5    android:versionName="1.0" >
6
7    <uses-sdk
8        android:minSdkVersion="14"
8-->src\main\AndroidManifest.xml
9        android:targetSdkVersion="29" />
9-->src\main\AndroidManifest.xml
10
11    <uses-permission android:name="android.permission.CHANGE_WIFI_STATE" />
11-->src\main\AndroidManifest.xml:5:5-76
11-->src\main\AndroidManifest.xml:5:22-73
12    <uses-permission android:name="android.permission.WRITE_EXTERNAL_STORAGE" />
12-->src\main\AndroidManifest.xml:6:5-80
12-->src\main\AndroidManifest.xml:6:22-78
13    <uses-permission android:name="android.permission.INTERNET" />
13-->[:alicomphonenumberauthsdk-log-online-release:] AndroidManifest.xml:11:5-67
13-->[:alicomphonenumberauthsdk-log-online-release:] AndroidManifest.xml:11:22-64
14    <uses-permission android:name="android.permission.ACCESS_WIFI_STATE" />
14-->[:alicomphonenumberauthsdk-log-online-release:] AndroidManifest.xml:12:5-76
14-->[:alicomphonenumberauthsdk-log-online-release:] AndroidManifest.xml:12:22-73
15    <uses-permission android:name="android.permission.ACCESS_NETWORK_STATE" />
15-->[:alicomphonenumberauthsdk-log-online-release:] AndroidManifest.xml:13:5-79
15-->[:alicomphonenumberauthsdk-log-online-release:] AndroidManifest.xml:13:22-76
16    <uses-permission android:name="android.permission.CHANGE_NETWORK_STATE" />
16-->[:alicomphonenumberauthsdk-log-online-release:] AndroidManifest.xml:14:5-79
16-->[:alicomphonenumberauthsdk-log-online-release:] AndroidManifest.xml:14:22-76
17    <uses-permission android:name="android.permission.READ_PHONE_STATE" /> <!-- To store the heap dumps and leak analysis results. -->
17-->[:operation-release:] AndroidManifest.xml:12:5-75
17-->[:operation-release:] AndroidManifest.xml:12:22-72
18    <uses-permission android:name="android.permission.READ_EXTERNAL_STORAGE" /> <!-- To allow starting foreground services on Android P+ - https://developer.android.com/preview/behavior-changes#fg-svc -->
18-->[com.squareup.leakcanary:leakcanary-android-core:2.4] AndroidManifest.xml:23:5-80
18-->[com.squareup.leakcanary:leakcanary-android-core:2.4] AndroidManifest.xml:23:22-77
19    <uses-permission android:name="android.permission.FOREGROUND_SERVICE" />
19-->[com.squareup.leakcanary:leakcanary-android-core:2.4] AndroidManifest.xml:26:5-77
19-->[com.squareup.leakcanary:leakcanary-android-core:2.4] AndroidManifest.xml:26:22-74
20
21    <application
21-->src\main\AndroidManifest.xml:8:5-62:19
22        android:name="com.aliqin.mytel.DemoApplication"
22-->src\main\AndroidManifest.xml:9:9-40
23        android:debuggable="true"
24        android:icon="@drawable/ic_launcher"
24-->src\main\AndroidManifest.xml:10:9-45
25        android:label="@string/app_name"
25-->src\main\AndroidManifest.xml:11:9-41
26        android:supportsRtl="true"
26-->src\main\AndroidManifest.xml:12:9-35
27        android:theme="@style/Theme.AppCompat.DayNight.NoActionBar"
27-->src\main\AndroidManifest.xml:14:9-68
28        android:usesCleartextTraffic="true" >
28-->src\main\AndroidManifest.xml:13:9-44
29        <activity
29-->src\main\AndroidManifest.xml:16:9-23:20
30            android:name="com.aliqin.mytel.login.OneKeyLoginActivity"
30-->src\main\AndroidManifest.xml:17:13-54
31            android:screenOrientation="portrait" >
31-->src\main\AndroidManifest.xml:18:13-49
32            <intent-filter>
32-->src\main\AndroidManifest.xml:19:13-22:29
33                <action android:name="android.intent.action.MAIN" />
33-->src\main\AndroidManifest.xml:20:17-69
33-->src\main\AndroidManifest.xml:20:25-66
34
35                <category android:name="android.intent.category.LAUNCHER" />
35-->src\main\AndroidManifest.xml:21:17-77
35-->src\main\AndroidManifest.xml:21:27-74
36            </intent-filter>
37        </activity>
38
39        <!-- <activity android:name=".login.OneKeyLoginActivity" -->
40        <!-- android:configChanges="orientation|keyboardHidden|screenSize" -->
41        <!-- android:screenOrientation="sensorPortrait"/> -->
42
43        <activity
43-->src\main\AndroidManifest.xml:33:9-35:57
44            android:name="com.aliqin.mytel.auth.NumberAuthActivity"
44-->src\main\AndroidManifest.xml:33:19-58
45            android:configChanges="orientation|keyboardHidden|screenSize"
45-->src\main\AndroidManifest.xml:34:13-74
46            android:screenOrientation="sensorPortrait" />
46-->src\main\AndroidManifest.xml:35:13-55
47        <activity
47-->src\main\AndroidManifest.xml:37:9-39:57
48            android:name="com.aliqin.mytel.auth.PersonActivity"
48-->src\main\AndroidManifest.xml:37:19-54
49            android:configChanges="orientation|keyboardHidden|screenSize"
49-->src\main\AndroidManifest.xml:38:13-74
50            android:screenOrientation="sensorPortrait" />
50-->src\main\AndroidManifest.xml:39:13-55
51        <activity
51-->src\main\AndroidManifest.xml:42:9-44:57
52            android:name="com.aliqin.mytel.MessageActivity"
52-->src\main\AndroidManifest.xml:42:19-50
53            android:configChanges="orientation|keyboardHidden|screenSize"
53-->src\main\AndroidManifest.xml:43:13-74
54            android:screenOrientation="sensorPortrait" />
54-->src\main\AndroidManifest.xml:44:13-55
55        <!-- 重点关注！！！！！！！ -->
56        <!-- 客户在使用全屏模式时不需要使用authsdk_activity_dialog主题，会出现异常动画 -->
57        <activity
57-->src\main\AndroidManifest.xml:47:9-53:62
58            android:name="com.mobile.auth.gatewayauth.LoginAuthActivity"
58-->src\main\AndroidManifest.xml:48:13-73
59            android:configChanges="orientation|keyboardHidden|screenSize"
59-->src\main\AndroidManifest.xml:49:13-74
60            android:exported="false"
60-->src\main\AndroidManifest.xml:50:13-37
61            android:launchMode="singleTop"
61-->src\main\AndroidManifest.xml:51:13-43
62            android:screenOrientation="behind"
62-->src\main\AndroidManifest.xml:52:13-47
63            android:theme="@style/authsdk_activity_dialog" />
63-->src\main\AndroidManifest.xml:53:13-59
64        <activity
64-->src\main\AndroidManifest.xml:55:9-60:50
65            android:name="com.mobile.auth.gatewayauth.activity.AuthWebVeiwActivity"
65-->src\main\AndroidManifest.xml:56:13-84
66            android:configChanges="orientation|keyboardHidden|screenSize"
66-->src\main\AndroidManifest.xml:57:13-74
67            android:exported="false"
67-->src\main\AndroidManifest.xml:58:13-37
68            android:launchMode="singleTop"
68-->src\main\AndroidManifest.xml:59:13-43
69            android:screenOrientation="behind" />
69-->src\main\AndroidManifest.xml:60:13-47
70
71        <service
71-->[com.squareup.leakcanary:leakcanary-android:2.4] AndroidManifest.xml:23:9-25:40
72            android:name="leakcanary.internal.HeapAnalyzerService"
72-->[com.squareup.leakcanary:leakcanary-android:2.4] AndroidManifest.xml:24:13-67
73            android:exported="false" />
73-->[com.squareup.leakcanary:leakcanary-android:2.4] AndroidManifest.xml:25:13-37
74
75        <provider
75-->[com.squareup.leakcanary:leakcanary-android-core:2.4] AndroidManifest.xml:29:9-37:20
76            android:name="leakcanary.internal.LeakCanaryFileProvider"
76-->[com.squareup.leakcanary:leakcanary-android-core:2.4] AndroidManifest.xml:30:13-70
77            android:authorities="com.squareup.leakcanary.fileprovider.com.aliqin.mytel"
77-->[com.squareup.leakcanary:leakcanary-android-core:2.4] AndroidManifest.xml:31:13-88
78            android:exported="false"
78-->[com.squareup.leakcanary:leakcanary-android-core:2.4] AndroidManifest.xml:32:13-37
79            android:grantUriPermissions="true" >
79-->[com.squareup.leakcanary:leakcanary-android-core:2.4] AndroidManifest.xml:33:13-47
80            <meta-data
80-->[com.squareup.leakcanary:leakcanary-android-core:2.4] AndroidManifest.xml:34:13-36:66
81                android:name="android.support.FILE_PROVIDER_PATHS"
81-->[com.squareup.leakcanary:leakcanary-android-core:2.4] AndroidManifest.xml:35:17-67
82                android:resource="@xml/leak_canary_file_paths" />
82-->[com.squareup.leakcanary:leakcanary-android-core:2.4] AndroidManifest.xml:36:17-63
83        </provider>
84
85        <activity
85-->[com.squareup.leakcanary:leakcanary-android-core:2.4] AndroidManifest.xml:39:9-44:66
86            android:name="leakcanary.internal.activity.LeakActivity"
86-->[com.squareup.leakcanary:leakcanary-android-core:2.4] AndroidManifest.xml:40:13-69
87            android:icon="@mipmap/leak_canary_icon"
87-->[com.squareup.leakcanary:leakcanary-android-core:2.4] AndroidManifest.xml:41:13-52
88            android:label="@string/leak_canary_display_activity_label"
88-->[com.squareup.leakcanary:leakcanary-android-core:2.4] AndroidManifest.xml:42:13-71
89            android:taskAffinity="com.squareup.leakcanary.com.aliqin.mytel"
89-->[com.squareup.leakcanary:leakcanary-android-core:2.4] AndroidManifest.xml:43:13-76
90            android:theme="@style/leak_canary_LeakCanary.Base" />
90-->[com.squareup.leakcanary:leakcanary-android-core:2.4] AndroidManifest.xml:44:13-63
91
92        <activity-alias
92-->[com.squareup.leakcanary:leakcanary-android-core:2.4] AndroidManifest.xml:46:9-62:26
93            android:name="leakcanary.internal.activity.LeakLauncherActivity"
93-->[com.squareup.leakcanary:leakcanary-android-core:2.4] AndroidManifest.xml:47:13-77
94            android:banner="@drawable/leak_canary_tv_icon"
94-->[com.squareup.leakcanary:leakcanary-android-core:2.4] AndroidManifest.xml:48:13-59
95            android:enabled="@bool/leak_canary_add_launcher_icon"
95-->[com.squareup.leakcanary:leakcanary-android-core:2.4] AndroidManifest.xml:49:13-66
96            android:icon="@mipmap/leak_canary_icon"
96-->[com.squareup.leakcanary:leakcanary-android-core:2.4] AndroidManifest.xml:50:13-52
97            android:label="@string/leak_canary_display_activity_label"
97-->[com.squareup.leakcanary:leakcanary-android-core:2.4] AndroidManifest.xml:51:13-71
98            android:targetActivity="leakcanary.internal.activity.LeakActivity"
98-->[com.squareup.leakcanary:leakcanary-android-core:2.4] AndroidManifest.xml:52:13-79
99            android:taskAffinity="com.squareup.leakcanary.com.aliqin.mytel"
99-->[com.squareup.leakcanary:leakcanary-android-core:2.4] AndroidManifest.xml:53:13-76
100            android:theme="@style/leak_canary_LeakCanary.Base" >
100-->[com.squareup.leakcanary:leakcanary-android-core:2.4] AndroidManifest.xml:54:13-63
101            <intent-filter>
101-->[com.squareup.leakcanary:leakcanary-android-core:2.4] AndroidManifest.xml:55:13-61:29
102                <action android:name="android.intent.action.MAIN" />
102-->src\main\AndroidManifest.xml:20:17-69
102-->src\main\AndroidManifest.xml:20:25-66
103
104                <category android:name="android.intent.category.LAUNCHER" />
104-->src\main\AndroidManifest.xml:21:17-77
104-->src\main\AndroidManifest.xml:21:27-74
105                <!-- Android TV launcher intent -->
106                <category android:name="android.intent.category.LEANBACK_LAUNCHER" />
106-->[com.squareup.leakcanary:leakcanary-android-core:2.4] AndroidManifest.xml:60:17-86
106-->[com.squareup.leakcanary:leakcanary-android-core:2.4] AndroidManifest.xml:60:27-83
107            </intent-filter>
108        </activity-alias>
109
110        <activity
110-->[com.squareup.leakcanary:leakcanary-android-core:2.4] AndroidManifest.xml:64:9-70:68
111            android:name="leakcanary.internal.RequestStoragePermissionActivity"
111-->[com.squareup.leakcanary:leakcanary-android-core:2.4] AndroidManifest.xml:65:13-80
112            android:excludeFromRecents="true"
112-->[com.squareup.leakcanary:leakcanary-android-core:2.4] AndroidManifest.xml:66:13-46
113            android:icon="@mipmap/leak_canary_icon"
113-->[com.squareup.leakcanary:leakcanary-android-core:2.4] AndroidManifest.xml:67:13-52
114            android:label="@string/leak_canary_storage_permission_activity_label"
114-->[com.squareup.leakcanary:leakcanary-android-core:2.4] AndroidManifest.xml:68:13-82
115            android:taskAffinity="com.squareup.leakcanary.com.aliqin.mytel"
115-->[com.squareup.leakcanary:leakcanary-android-core:2.4] AndroidManifest.xml:69:13-76
116            android:theme="@style/leak_canary_Theme.Transparent" />
116-->[com.squareup.leakcanary:leakcanary-android-core:2.4] AndroidManifest.xml:70:13-65
117
118        <receiver android:name="leakcanary.internal.NotificationReceiver" />
118-->[com.squareup.leakcanary:leakcanary-android-core:2.4] AndroidManifest.xml:72:9-77
118-->[com.squareup.leakcanary:leakcanary-android-core:2.4] AndroidManifest.xml:72:19-74
119
120        <provider
120-->[com.squareup.leakcanary:leakcanary-object-watcher-android:2.4] AndroidManifest.xml:8:9-12:40
121            android:name="leakcanary.internal.AppWatcherInstaller$MainProcess"
121-->[com.squareup.leakcanary:leakcanary-object-watcher-android:2.4] AndroidManifest.xml:9:13-79
122            android:authorities="com.aliqin.mytel.leakcanary-installer"
122-->[com.squareup.leakcanary:leakcanary-object-watcher-android:2.4] AndroidManifest.xml:10:13-72
123            android:enabled="@bool/leak_canary_watcher_auto_install"
123-->[com.squareup.leakcanary:leakcanary-object-watcher-android:2.4] AndroidManifest.xml:11:13-69
124            android:exported="false" />
124-->[com.squareup.leakcanary:leakcanary-object-watcher-android:2.4] AndroidManifest.xml:12:13-37
125        <provider
125-->[com.squareup.leakcanary:plumber-android:2.4] AndroidManifest.xml:8:9-12:40
126            android:name="leakcanary.internal.PlumberInstaller"
126-->[com.squareup.leakcanary:plumber-android:2.4] AndroidManifest.xml:9:13-64
127            android:authorities="com.aliqin.mytel.plumber-installer"
127-->[com.squareup.leakcanary:plumber-android:2.4] AndroidManifest.xml:10:13-69
128            android:enabled="@bool/leak_canary_plumber_auto_install"
128-->[com.squareup.leakcanary:plumber-android:2.4] AndroidManifest.xml:11:13-69
129            android:exported="false" />
129-->[com.squareup.leakcanary:plumber-android:2.4] AndroidManifest.xml:12:13-37
130    </application>
131
132</manifest>